f:\interface\interface\interface\x64\debug\dia14.obj
f:\interface\interface\interface\x64\debug\dia2_1.obj
f:\interface\interface\interface\x64\debug\dialog.obj
f:\interface\interface\interface\x64\debug\occview.obj
f:\interface\interface\interface\x64\debug\dia15.obj
f:\interface\interface\interface\x64\debug\dia5.obj
f:\interface\interface\interface\x64\debug\dia13.obj
f:\interface\interface\interface\x64\debug\dia4.obj
f:\interface\interface\interface\x64\debug\main.obj
f:\interface\interface\interface\x64\debug\mainwindow.obj
f:\interface\interface\interface\x64\debug\dia4_2.obj
f:\interface\interface\interface\x64\debug\dia11.obj
f:\interface\interface\interface\x64\debug\dia4_1.obj
f:\interface\interface\interface\x64\debug\dia12.obj
f:\interface\interface\interface\x64\debug\dia2_2.obj
f:\interface\interface\interface\x64\debug\dia12_2.obj
f:\interface\interface\interface\x64\debug\dia3.obj
f:\interface\interface\interface\x64\debug\dia12_1.obj
f:\interface\interface\interface\x64\debug\dia2.obj
f:\interface\interface\interface\x64\debug\dia6.obj
f:\interface\interface\interface\x64\debug\vc140.pdb
f:\interface\interface\interface\x64\debug\moc_dia4_1.obj
f:\interface\interface\interface\x64\debug\moc_dia11.obj
f:\interface\interface\interface\x64\debug\moc_dialog.obj
f:\interface\interface\interface\x64\debug\moc_dia2_2.obj
f:\interface\interface\interface\x64\debug\moc_dia13.obj
f:\interface\interface\interface\x64\debug\moc_dia2.obj
f:\interface\interface\interface\x64\debug\moc_dia12_1.obj
f:\interface\interface\interface\x64\debug\moc_dia4_2.obj
f:\interface\interface\interface\x64\debug\moc_dia12.obj
f:\interface\interface\interface\x64\debug\moc_dia2_1.obj
f:\interface\interface\interface\x64\debug\moc_dia15.obj
f:\interface\interface\interface\x64\debug\moc_dia4.obj
f:\interface\interface\interface\x64\debug\moc_dia12_2.obj
f:\interface\interface\interface\x64\debug\moc_occview.obj
f:\interface\interface\interface\x64\debug\moc_dia3.obj
f:\interface\interface\interface\x64\debug\moc_dia6.obj
f:\interface\interface\interface\x64\debug\moc_mainwindow.obj
f:\interface\interface\interface\x64\debug\qrc_mainwindow.obj
f:\interface\interface\interface\x64\debug\moc_dia5.obj
f:\interface\interface\interface\x64\debug\moc_dia14.obj
f:\interface\interface\interface\x64\debug\centergroove.obj
f:\interface\interface\interface\x64\debug\uic\ui_dia11.h
f:\interface\interface\interface\x64\debug\uic\ui_dia12.h
f:\interface\interface\interface\x64\debug\uic\ui_dia12_1.h
f:\interface\interface\interface\x64\debug\uic\ui_dia12_2.h
f:\interface\interface\interface\x64\debug\uic\ui_dia13.h
f:\interface\interface\interface\x64\debug\uic\ui_dia14.h
f:\interface\interface\interface\x64\debug\uic\ui_dia15.h
f:\interface\interface\interface\x64\debug\uic\ui_dia2.h
f:\interface\interface\interface\x64\debug\uic\ui_dia2_1.h
f:\interface\interface\interface\x64\debug\uic\ui_dia2_2.h
f:\interface\interface\interface\x64\debug\uic\ui_dia3.h
f:\interface\interface\interface\x64\debug\uic\ui_dia4.h
f:\interface\interface\interface\x64\debug\uic\ui_dia4_1.h
f:\interface\interface\interface\x64\debug\uic\ui_dia4_2.h
f:\interface\interface\interface\x64\debug\uic\ui_dia5.h
f:\interface\interface\interface\x64\debug\uic\ui_dia6.h
f:\interface\interface\interface\x64\debug\uic\ui_dialog.h
f:\interface\interface\interface\x64\debug\uic\ui_mainwindow.h
f:\interface\interface\interface\x64\debug\uic\ui_occview.h
f:\interface\interface\interface\x64\debug\rcc\qrc_mainwindow.cpp
f:\interface\interface\interface\x64\debug\moc\moc_dia2.cpp
f:\interface\interface\interface\x64\debug\moc\moc_dia2_1.cpp
f:\interface\interface\interface\x64\debug\moc\moc_dia2_2.cpp
f:\interface\interface\interface\x64\debug\moc\moc_dia3.cpp
f:\interface\interface\interface\x64\debug\moc\moc_dia4.cpp
f:\interface\interface\interface\x64\debug\moc\moc_dia4_1.cpp
f:\interface\interface\interface\x64\debug\moc\moc_dia4_2.cpp
f:\interface\interface\interface\x64\debug\moc\moc_dia5.cpp
f:\interface\interface\interface\x64\debug\moc\moc_dia6.cpp
f:\interface\interface\interface\x64\debug\moc\moc_dia11.cpp
f:\interface\interface\interface\x64\debug\moc\moc_dia12.cpp
f:\interface\interface\interface\x64\debug\moc\moc_dia12_1.cpp
f:\interface\interface\interface\x64\debug\moc\moc_dia12_2.cpp
f:\interface\interface\interface\x64\debug\moc\moc_dia13.cpp
f:\interface\interface\interface\x64\debug\moc\moc_dia14.cpp
f:\interface\interface\interface\x64\debug\moc\moc_dia15.cpp
f:\interface\interface\interface\x64\debug\moc\moc_dialog.cpp
f:\interface\interface\interface\x64\debug\moc\moc_mainwindow.cpp
f:\interface\interface\interface\x64\debug\moc\moc_occview.cpp
f:\interface\interface\x64\debug\interface.lib
f:\interface\interface\x64\debug\interface.exp
f:\interface\interface\interface\x64\debug\uic\ui_centergroove.h
f:\interface\interface\interface\x64\debug\uic\ui_sidegroove.h
f:\interface\interface\interface\x64\debug\moc\moc_centergroove.cpp
f:\interface\interface\interface\x64\debug\moc\moc_sidegroove.cpp
f:\interface\interface\x64\debug\interface.ilk
f:\interface\interface\x64\debug\interface.exe
f:\interface\interface\x64\debug\interface.pdb
f:\interface\interface\interface\x64\debug\interface.tlog\cl.command.1.tlog
f:\interface\interface\interface\x64\debug\interface.tlog\cl.read.1.tlog
f:\interface\interface\interface\x64\debug\interface.tlog\cl.write.1.tlog
f:\interface\interface\interface\x64\debug\interface.tlog\interface.write.1u.tlog
f:\interface\interface\interface\x64\debug\interface.tlog\link.command.1.tlog
f:\interface\interface\interface\x64\debug\interface.tlog\link.read.1.tlog
f:\interface\interface\interface\x64\debug\interface.tlog\link.write.1.tlog
f:\interface\interface\interface\x64\debug\interface.tlog\moc.read.1u.tlog
f:\interface\interface\interface\x64\debug\interface.tlog\moc.write.1u.tlog
f:\interface\interface\interface\x64\debug\interface.tlog\rcc.read.1u.tlog
f:\interface\interface\interface\x64\debug\interface.tlog\rcc.write.1u.tlog
f:\interface\interface\interface\x64\debug\interface.tlog\uic.read.1u.tlog
f:\interface\interface\interface\x64\debug\interface.tlog\uic.write.1u.tlog
