d:\occ\all\tunnel project\interface\x64\debug\occview.obj
d:\occ\all\tunnel project\interface\x64\debug\dia12.obj
d:\occ\all\tunnel project\interface\x64\debug\dia14.obj
d:\occ\all\tunnel project\interface\x64\debug\sidegroove.obj
d:\occ\all\tunnel project\interface\x64\debug\dia6.obj
d:\occ\all\tunnel project\interface\x64\debug\ec.obj
d:\occ\all\tunnel project\interface\x64\debug\dia11.obj
d:\occ\all\tunnel project\interface\x64\debug\dia13.obj
d:\occ\all\tunnel project\interface\x64\debug\centergroove.obj
d:\occ\all\tunnel project\interface\x64\debug\dia5.obj
d:\occ\all\tunnel project\interface\x64\debug\firstsuppspraymix.obj
d:\occ\all\tunnel project\interface\x64\debug\dia12_2.obj
d:\occ\all\tunnel project\interface\x64\debug\dia2.obj
d:\occ\all\tunnel project\interface\x64\debug\dia4_2.obj
d:\occ\all\tunnel project\interface\x64\debug\main.obj
d:\occ\all\tunnel project\interface\x64\debug\mainwindow.obj
d:\occ\all\tunnel project\interface\x64\debug\dia12_1.obj
d:\occ\all\tunnel project\interface\x64\debug\dia15.obj
d:\occ\all\tunnel project\interface\x64\debug\dia4.obj
d:\occ\all\tunnel project\interface\x64\debug\dialog.obj
d:\occ\all\tunnel project\interface\x64\debug\vc140.pdb
d:\occ\all\tunnel project\interface\x64\debug\qrc_resource.obj
d:\occ\all\tunnel project\interface\x64\debug\moc_dia4.obj
d:\occ\all\tunnel project\interface\x64\debug\moc_dia11.obj
d:\occ\all\tunnel project\interface\x64\debug\moc_dia13.obj
d:\occ\all\tunnel project\interface\x64\debug\moc_mainwindow.obj
d:\occ\all\tunnel project\interface\x64\debug\qrc_mainwindow.obj
d:\occ\all\tunnel project\interface\x64\debug\moc_sidegroove.obj
d:\occ\all\tunnel project\interface\x64\debug\moc_dia6.obj
d:\occ\all\tunnel project\interface\x64\debug\moc_dia12_2.obj
d:\occ\all\tunnel project\interface\x64\debug\moc_dialog.obj
d:\occ\all\tunnel project\interface\x64\debug\moc_firstsuppspraymix.obj
d:\occ\all\tunnel project\interface\x64\debug\moc_centergroove.obj
d:\occ\all\tunnel project\interface\x64\debug\moc_dia4_2.obj
d:\occ\all\tunnel project\interface\x64\debug\moc_dia12.obj
d:\occ\all\tunnel project\interface\x64\debug\moc_dia14.obj
d:\occ\all\tunnel project\interface\x64\debug\moc_occview.obj
d:\occ\all\tunnel project\interface\x64\debug\moc_dia2.obj
d:\occ\all\tunnel project\interface\x64\debug\moc_dia5.obj
d:\occ\all\tunnel project\interface\x64\debug\moc_dia12_1.obj
d:\occ\all\tunnel project\interface\x64\debug\moc_dia15.obj
d:\occ\all\tunnel project\interface\x64\debug\moc_ec.obj
d:\occ\all\tunnel project\interface\x64\debug\uic\ui_dia11.h
d:\occ\all\tunnel project\interface\x64\debug\uic\ui_dia12.h
d:\occ\all\tunnel project\interface\x64\debug\uic\ui_dia12_1.h
d:\occ\all\tunnel project\interface\x64\debug\uic\ui_dia12_2.h
d:\occ\all\tunnel project\interface\x64\debug\uic\ui_dia13.h
d:\occ\all\tunnel project\interface\x64\debug\uic\ui_dia14.h
d:\occ\all\tunnel project\interface\x64\debug\uic\ui_dia15.h
d:\occ\all\tunnel project\interface\x64\debug\uic\ui_dia2.h
d:\occ\all\tunnel project\interface\x64\debug\uic\ui_centergroove.h
d:\occ\all\tunnel project\interface\x64\debug\uic\ui_ec.h
d:\occ\all\tunnel project\interface\x64\debug\uic\ui_firstsuppspraymix.h
d:\occ\all\tunnel project\interface\x64\debug\uic\ui_sidegroove.h
d:\occ\all\tunnel project\interface\x64\debug\uic\ui_dia4.h
d:\occ\all\tunnel project\interface\x64\debug\uic\ui_dia4_2.h
d:\occ\all\tunnel project\interface\x64\debug\uic\ui_dia5.h
d:\occ\all\tunnel project\interface\x64\debug\uic\ui_dia6.h
d:\occ\all\tunnel project\interface\x64\debug\uic\ui_dialog.h
d:\occ\all\tunnel project\interface\x64\debug\uic\ui_mainwindow.h
d:\occ\all\tunnel project\interface\x64\debug\uic\ui_occview.h
d:\occ\all\tunnel project\interface\x64\debug\rcc\qrc_mainwindow.cpp
d:\occ\all\tunnel project\interface\x64\debug\rcc\qrc_resource.cpp
d:\occ\all\tunnel project\interface\x64\debug\moc\moc_dia2.cpp
d:\occ\all\tunnel project\interface\x64\debug\moc\moc_centergroove.cpp
d:\occ\all\tunnel project\interface\x64\debug\moc\moc_sidegroove.cpp
d:\occ\all\tunnel project\interface\x64\debug\moc\moc_dia4.cpp
d:\occ\all\tunnel project\interface\x64\debug\moc\moc_dia4_2.cpp
d:\occ\all\tunnel project\interface\x64\debug\moc\moc_dia5.cpp
d:\occ\all\tunnel project\interface\x64\debug\moc\moc_dia6.cpp
d:\occ\all\tunnel project\interface\x64\debug\moc\moc_dia11.cpp
d:\occ\all\tunnel project\interface\x64\debug\moc\moc_dia12.cpp
d:\occ\all\tunnel project\interface\x64\debug\moc\moc_dia12_1.cpp
d:\occ\all\tunnel project\interface\x64\debug\moc\moc_dia12_2.cpp
d:\occ\all\tunnel project\interface\x64\debug\moc\moc_dia13.cpp
d:\occ\all\tunnel project\interface\x64\debug\moc\moc_dia14.cpp
d:\occ\all\tunnel project\interface\x64\debug\moc\moc_dia15.cpp
d:\occ\all\tunnel project\interface\x64\debug\moc\moc_dialog.cpp
d:\occ\all\tunnel project\interface\x64\debug\moc\moc_mainwindow.cpp
d:\occ\all\tunnel project\interface\x64\debug\moc\moc_occview.cpp
d:\occ\all\tunnel project\interface\x64\debug\moc\moc_ec.cpp
d:\occ\all\tunnel project\interface\x64\debug\moc\moc_firstsuppspraymix.cpp
d:\occ\all\tunnel project\x64\debug\interface.lib
d:\occ\all\tunnel project\x64\debug\interface.exp
d:\occ\all\tunnel project\x64\debug\interface.ilk
d:\occ\all\tunnel project\x64\debug\interface.exe
d:\occ\all\tunnel project\x64\debug\interface.pdb
d:\occ\all\tunnel project\interface\x64\debug\interface.tlog\cl.command.1.tlog
d:\occ\all\tunnel project\interface\x64\debug\interface.tlog\cl.read.1.tlog
d:\occ\all\tunnel project\interface\x64\debug\interface.tlog\cl.write.1.tlog
d:\occ\all\tunnel project\interface\x64\debug\interface.tlog\interface.write.1u.tlog
d:\occ\all\tunnel project\interface\x64\debug\interface.tlog\link.command.1.tlog
d:\occ\all\tunnel project\interface\x64\debug\interface.tlog\link.read.1.tlog
d:\occ\all\tunnel project\interface\x64\debug\interface.tlog\link.write.1.tlog
d:\occ\all\tunnel project\interface\x64\debug\interface.tlog\moc.read.1u.tlog
d:\occ\all\tunnel project\interface\x64\debug\interface.tlog\moc.write.1u.tlog
d:\occ\all\tunnel project\interface\x64\debug\interface.tlog\rcc.read.1u.tlog
d:\occ\all\tunnel project\interface\x64\debug\interface.tlog\rcc.write.1u.tlog
d:\occ\all\tunnel project\interface\x64\debug\interface.tlog\uic.read.1u.tlog
d:\occ\all\tunnel project\interface\x64\debug\interface.tlog\uic.write.1u.tlog
